<?xml version="1.0" encoding="UTF-8"?>
<testsuite name="C:/Users/Appmetry/Project/restassured_api"
           tests="3"
           failures="0"
           errors="0"
           skipped="0"
           time="68.454">
    <properties></properties>



            <testcase
                name="testListHiddenQuotes"
                time="66.743"
                classname="org.favqs.tests.ListQuotesTest">
            </testcase>
            <testcase
                name="testListQuotesWithFilter"
                time="0.840"
                classname="org.favqs.tests.ListQuotesTest">
            </testcase>
            <testcase
                name="testListQuotes"
                time="0.871"
                classname="org.favqs.tests.ListQuotesTest">
            </testcase>
</testsuite>
